2018-05-25 18:06:06,426 INFO  [Log] **************************************************************************************** 
2018-05-25 18:06:06,426 INFO  [Log] **************************************************************************************** 
2018-05-25 18:06:06,426 INFO  [Log] $$$$$$$$$$$$$$$$$$$$$                 Selenium_Test_001       $$$$$$$$$$$$$$$$$$$$$$$$$ 
2018-05-25 18:06:06,426 INFO  [Log] **************************************************************************************** 
2018-05-25 18:06:06,426 INFO  [Log] **************************************************************************************** 
2018-05-25 18:06:06,875 INFO  [Log]  Excel sheet opened 
2018-05-25 18:06:31,828 INFO  [Log] **************************************************************************************** 
2018-05-25 18:06:31,828 INFO  [Log] **************************************************************************************** 
2018-05-25 18:06:31,828 INFO  [Log] $$$$$$$$$$$$$$$$$$$$$                 Selenium_Test_001       $$$$$$$$$$$$$$$$$$$$$$$$$ 
2018-05-25 18:06:31,828 INFO  [Log] **************************************************************************************** 
2018-05-25 18:06:31,828 INFO  [Log] **************************************************************************************** 
2018-05-25 18:06:32,203 INFO  [Log]  Excel sheet opened 
2018-05-25 18:09:39,327 INFO  [Log] **************************************************************************************** 
2018-05-25 18:09:39,327 INFO  [Log] **************************************************************************************** 
2018-05-25 18:09:39,327 INFO  [Log] $$$$$$$$$$$$$$$$$$$$$                 Selenium_Test_001       $$$$$$$$$$$$$$$$$$$$$$$$$ 
2018-05-25 18:09:39,327 INFO  [Log] **************************************************************************************** 
2018-05-25 18:09:39,327 INFO  [Log] **************************************************************************************** 
2018-05-25 18:09:39,702 INFO  [Log]  Excel sheet opened 
2018-05-25 18:10:02,736 INFO  [Log] **************************************************************************************** 
2018-05-25 18:10:02,736 INFO  [Log] **************************************************************************************** 
2018-05-25 18:10:02,736 INFO  [Log] $$$$$$$$$$$$$$$$$$$$$                 Selenium_Test_001       $$$$$$$$$$$$$$$$$$$$$$$$$ 
2018-05-25 18:10:02,736 INFO  [Log] **************************************************************************************** 
2018-05-25 18:10:02,736 INFO  [Log] **************************************************************************************** 
2018-05-25 18:10:03,126 INFO  [Log]  Excel sheet opened 
2018-05-25 18:16:21,842 INFO  [Log] **************************************************************************************** 
2018-05-25 18:16:21,842 INFO  [Log] **************************************************************************************** 
2018-05-25 18:16:21,842 INFO  [Log] $$$$$$$$$$$$$$$$$$$$$                 Selenium_Test_001       $$$$$$$$$$$$$$$$$$$$$$$$$ 
2018-05-25 18:16:21,842 INFO  [Log] **************************************************************************************** 
2018-05-25 18:16:21,842 INFO  [Log] **************************************************************************************** 
2018-05-25 18:16:22,202 INFO  [Log]  Excel sheet opened 
2018-05-25 18:16:24,781 INFO  [Log] New driver instantiated 
2018-05-25 18:16:24,796 INFO  [Log] Implicit wait applied on the driver for 10 seconds 
2018-05-25 18:16:25,187 INFO  [Log] Web application launched 
2018-05-25 18:16:25,202 INFO  [Log] Username picked from Excel is denisse@mltic.com 
2018-05-25 18:16:25,202 INFO  [Log] Password picked from Excel is gobdigital2 
2018-05-25 18:24:48,324 INFO  [Log] **************************************************************************************** 
2018-05-25 18:24:48,324 INFO  [Log] **************************************************************************************** 
2018-05-25 18:24:48,324 INFO  [Log] $$$$$$$$$$$$$$$$$$$$$                 Selenium_Test_001       $$$$$$$$$$$$$$$$$$$$$$$$$ 
2018-05-25 18:24:48,324 INFO  [Log] **************************************************************************************** 
2018-05-25 18:24:48,324 INFO  [Log] **************************************************************************************** 
2018-05-25 18:24:48,706 INFO  [Log]  Excel sheet opened 
2018-05-25 18:24:51,312 INFO  [Log] New driver instantiated 
2018-05-25 18:24:51,328 INFO  [Log] Implicit wait applied on the driver for 10 seconds 
2018-05-25 18:24:51,522 INFO  [Log] Web application launched 
2018-05-25 18:24:51,538 INFO  [Log] Username picked from Excel is denisse@mltic.com 
2018-05-25 18:24:51,538 INFO  [Log] Password picked from Excel is gobdigital2 
2018-05-25 18:26:27,498 INFO  [Log] **************************************************************************************** 
2018-05-25 18:26:27,498 INFO  [Log] **************************************************************************************** 
2018-05-25 18:26:27,498 INFO  [Log] $$$$$$$$$$$$$$$$$$$$$                 Selenium_Test_001       $$$$$$$$$$$$$$$$$$$$$$$$$ 
2018-05-25 18:26:27,498 INFO  [Log] **************************************************************************************** 
2018-05-25 18:26:27,498 INFO  [Log] **************************************************************************************** 
2018-05-25 18:26:27,857 INFO  [Log]  Excel sheet opened 
2018-05-25 18:26:30,460 INFO  [Log] New driver instantiated 
2018-05-25 18:26:30,475 INFO  [Log] Implicit wait applied on the driver for 10 seconds 
2018-05-25 18:26:30,664 INFO  [Log] Web application launched 
2018-05-25 18:26:30,671 INFO  [Log] Username picked from Excel is denisse@mltic.com 
2018-05-25 18:26:30,671 INFO  [Log] Password picked from Excel is gobdigital2 
2018-05-25 18:35:26,484 INFO  [Log] **************************************************************************************** 
2018-05-25 18:35:26,484 INFO  [Log] **************************************************************************************** 
2018-05-25 18:35:26,484 INFO  [Log] $$$$$$$$$$$$$$$$$$$$$                 Selenium_Test_001       $$$$$$$$$$$$$$$$$$$$$$$$$ 
2018-05-25 18:35:26,484 INFO  [Log] **************************************************************************************** 
2018-05-25 18:35:26,484 INFO  [Log] **************************************************************************************** 
2018-05-25 18:35:26,843 INFO  [Log]  Excel sheet opened 
2018-05-25 18:35:29,421 INFO  [Log] New driver instantiated 
2018-05-25 18:35:29,421 INFO  [Log] Implicit wait applied on the driver for 10 seconds 
2018-05-25 18:35:32,336 INFO  [Log] Web application launched 
2018-05-25 18:35:32,342 INFO  [Log] Username picked from Excel is denisse@mltic.com 
2018-05-25 18:35:32,342 INFO  [Log] Password picked from Excel is gobdigital2 
2018-05-25 19:17:45,022 INFO  [Log] **************************************************************************************** 
2018-05-25 19:17:45,022 INFO  [Log] **************************************************************************************** 
2018-05-25 19:17:45,022 INFO  [Log] $$$$$$$$$$$$$$$$$$$$$                 Selenium_Test_001       $$$$$$$$$$$$$$$$$$$$$$$$$ 
2018-05-25 19:17:45,022 INFO  [Log] **************************************************************************************** 
2018-05-25 19:17:45,022 INFO  [Log] **************************************************************************************** 
2018-05-25 19:17:45,397 INFO  [Log]  Excel sheet opened 
2018-05-25 19:17:47,997 INFO  [Log] New driver instantiated 
2018-05-25 19:17:48,013 INFO  [Log] Implicit wait applied on the driver for 10 seconds 
2018-05-25 19:17:51,423 INFO  [Log] Web application launched 
2018-05-25 19:17:51,430 INFO  [Log] Username picked from Excel is denisse@mltic.com 
2018-05-25 19:17:51,431 INFO  [Log] Password picked from Excel is gobdigital2 
2018-05-25 19:19:21,673 INFO  [Log] **************************************************************************************** 
2018-05-25 19:19:21,673 INFO  [Log] **************************************************************************************** 
2018-05-25 19:19:21,673 INFO  [Log] $$$$$$$$$$$$$$$$$$$$$                 Selenium_Test_001       $$$$$$$$$$$$$$$$$$$$$$$$$ 
2018-05-25 19:19:21,673 INFO  [Log] **************************************************************************************** 
2018-05-25 19:19:21,673 INFO  [Log] **************************************************************************************** 
2018-05-25 19:19:22,030 INFO  [Log]  Excel sheet opened 
2018-05-25 19:19:26,258 INFO  [Log] New driver instantiated 
2018-05-25 19:19:26,258 INFO  [Log] Implicit wait applied on the driver for 10 seconds 
2018-05-25 19:19:30,882 INFO  [Log] Web application launched 
2018-05-25 19:19:30,889 INFO  [Log] Username picked from Excel is denisse@mltic.com 
2018-05-25 19:19:30,889 INFO  [Log] Password picked from Excel is gobdigital2 
2018-05-25 19:19:30,902 INFO  [Log] My Account link element found 
2018-05-25 19:19:33,225 INFO  [Log] Click action performed on My Account link 
2018-05-25 19:19:33,232 INFO  [Log] Username text box found 
2018-05-25 19:19:33,264 INFO  [Log] Username entered in the Username text box 
2018-05-25 19:19:33,273 INFO  [Log] Password text box found 
2018-05-25 19:19:33,293 INFO  [Log] Password entered in the Password text box 
2018-05-25 19:19:33,302 INFO  [Log] Submit button found 
2018-05-25 19:19:33,530 INFO  [Log] Click action performed on Submit button 
2018-05-25 19:21:50,694 INFO  [Log] **************************************************************************************** 
2018-05-25 19:21:50,694 INFO  [Log] **************************************************************************************** 
2018-05-25 19:21:50,694 INFO  [Log] $$$$$$$$$$$$$$$$$$$$$                 Selenium_Test_001       $$$$$$$$$$$$$$$$$$$$$$$$$ 
2018-05-25 19:21:50,694 INFO  [Log] **************************************************************************************** 
2018-05-25 19:21:50,694 INFO  [Log] **************************************************************************************** 
2018-05-25 19:21:51,069 INFO  [Log]  Excel sheet opened 
2018-05-25 19:21:54,174 INFO  [Log] New driver instantiated 
2018-05-25 19:21:54,189 INFO  [Log] Implicit wait applied on the driver for 10 seconds 
2018-05-25 19:21:57,292 INFO  [Log] Web application launched 
2018-05-25 19:21:57,300 INFO  [Log] Username picked from Excel is denisse@mltic.com 
2018-05-25 19:21:57,300 INFO  [Log] Password picked from Excel is gobdigital2 
2018-05-25 19:21:57,313 INFO  [Log] My Account link element found 
2018-05-25 19:21:58,926 INFO  [Log] Click action performed on My Account link 
2018-05-25 19:21:58,939 INFO  [Log] Username text box found 
2018-05-25 19:21:58,972 INFO  [Log] Username entered in the Username text box 
2018-05-25 19:21:58,979 INFO  [Log] Password text box found 
2018-05-25 19:21:58,995 INFO  [Log] Password entered in the Password text box 
2018-05-25 19:21:59,001 INFO  [Log] Submit button found 
2018-05-25 19:21:59,223 INFO  [Log] Click action performed on Submit button 
2018-05-25 19:24:03,181 INFO  [Log] **************************************************************************************** 
2018-05-25 19:24:03,181 INFO  [Log] **************************************************************************************** 
2018-05-25 19:24:03,181 INFO  [Log] $$$$$$$$$$$$$$$$$$$$$                 Selenium_Test_001       $$$$$$$$$$$$$$$$$$$$$$$$$ 
2018-05-25 19:24:03,181 INFO  [Log] **************************************************************************************** 
2018-05-25 19:24:03,181 INFO  [Log] **************************************************************************************** 
2018-05-25 19:24:03,550 INFO  [Log]  Excel sheet opened 
2018-05-25 19:24:06,144 INFO  [Log] New driver instantiated 
2018-05-25 19:24:06,160 INFO  [Log] Implicit wait applied on the driver for 10 seconds 
2018-05-25 19:24:09,111 INFO  [Log] Web application launched 
2018-05-25 19:24:09,119 INFO  [Log] Username picked from Excel is denisse@mltic.com 
2018-05-25 19:24:09,119 INFO  [Log] Password picked from Excel is gobdigital2 
2018-05-25 19:24:09,132 INFO  [Log] My Account link element found 
2018-05-25 19:24:10,476 INFO  [Log] Click action performed on My Account link 
2018-05-25 19:24:10,484 INFO  [Log] Username text box found 
2018-05-25 19:24:10,509 INFO  [Log] Username entered in the Username text box 
2018-05-25 19:24:10,516 INFO  [Log] Password text box found 
2018-05-25 19:24:10,532 INFO  [Log] Password entered in the Password text box 
2018-05-25 19:24:10,538 INFO  [Log] Submit button found 
2018-05-25 19:24:10,772 INFO  [Log] Click action performed on Submit button 
2018-05-25 19:24:10,772 INFO  [Log] Click action is perfomred on Log Out link 
2018-05-25 19:24:11,551 INFO  [Log] Browser closed 
2018-05-25 19:24:11,691 INFO  [Log] XXXXXXXXXXXXXXXXXXXXXXX             -E---N---D-             XXXXXXXXXXXXXXXXXXXXXX 
2018-05-25 19:24:11,691 INFO  [Log] X 
2018-05-25 19:24:11,691 INFO  [Log] X 
2018-05-25 19:24:11,691 INFO  [Log] X 
2018-05-25 19:24:11,691 INFO  [Log] X 
2018-05-25 19:26:42,945 INFO  [Log] **************************************************************************************** 
2018-05-25 19:26:42,945 INFO  [Log] **************************************************************************************** 
2018-05-25 19:26:42,945 INFO  [Log] $$$$$$$$$$$$$$$$$$$$$                 Selenium_Test_001       $$$$$$$$$$$$$$$$$$$$$$$$$ 
2018-05-25 19:26:42,945 INFO  [Log] **************************************************************************************** 
2018-05-25 19:26:42,945 INFO  [Log] **************************************************************************************** 
2018-05-25 19:26:52,154 INFO  [Log] **************************************************************************************** 
2018-05-25 19:26:52,169 INFO  [Log] **************************************************************************************** 
2018-05-25 19:26:52,169 INFO  [Log] $$$$$$$$$$$$$$$$$$$$$                 Selenium_Test_001       $$$$$$$$$$$$$$$$$$$$$$$$$ 
2018-05-25 19:26:52,169 INFO  [Log] **************************************************************************************** 
2018-05-25 19:26:52,169 INFO  [Log] **************************************************************************************** 
2018-05-25 19:27:31,579 INFO  [Log] **************************************************************************************** 
2018-05-25 19:27:31,579 INFO  [Log] **************************************************************************************** 
2018-05-25 19:27:31,579 INFO  [Log] $$$$$$$$$$$$$$$$$$$$$                 Selenium_Test_001       $$$$$$$$$$$$$$$$$$$$$$$$$ 
2018-05-25 19:27:31,579 INFO  [Log] **************************************************************************************** 
2018-05-25 19:27:31,579 INFO  [Log] **************************************************************************************** 
2018-05-25 19:28:19,960 INFO  [Log] **************************************************************************************** 
2018-05-25 19:28:19,960 INFO  [Log] **************************************************************************************** 
2018-05-25 19:28:19,960 INFO  [Log] $$$$$$$$$$$$$$$$$$$$$                 Selenium_Test_001       $$$$$$$$$$$$$$$$$$$$$$$$$ 
2018-05-25 19:28:19,960 INFO  [Log] **************************************************************************************** 
2018-05-25 19:28:19,960 INFO  [Log] **************************************************************************************** 
2018-05-25 19:28:20,335 INFO  [Log]  Excel sheet opened 
2018-05-25 19:28:22,936 INFO  [Log] New driver instantiated 
2018-05-25 19:28:22,936 INFO  [Log] Implicit wait applied on the driver for 10 seconds 
2018-05-25 19:28:25,739 INFO  [Log] Web application launched 
2018-05-25 19:28:25,751 INFO  [Log] Username picked from Excel is denisse@mltic.com 
2018-05-25 19:28:25,751 INFO  [Log] Password picked from Excel is gobdigital2 
2018-05-25 19:28:25,766 INFO  [Log] My Account link element found 
2018-05-25 19:28:27,228 INFO  [Log] Click action performed on My Account link 
2018-05-25 19:28:27,233 INFO  [Log] Username text box found 
2018-05-25 19:28:27,258 INFO  [Log] Username entered in the Username text box 
2018-05-25 19:28:27,264 INFO  [Log] Password text box found 
2018-05-25 19:28:27,279 INFO  [Log] Password entered in the Password text box 
2018-05-25 19:28:27,286 INFO  [Log] Submit button found 
2018-05-25 19:28:27,511 INFO  [Log] Click action performed on Submit button 
2018-05-25 19:28:27,511 INFO  [Log] Click action is perfomred on Log Out link 
2018-05-25 19:28:28,261 INFO  [Log] Browser closed 
2018-05-25 19:28:28,394 INFO  [Log] XXXXXXXXXXXXXXXXXXXXXXX             -E---N---D-             XXXXXXXXXXXXXXXXXXXXXX 
2018-05-25 19:28:28,394 INFO  [Log] X 
2018-05-25 19:28:28,394 INFO  [Log] X 
2018-05-25 19:28:28,394 INFO  [Log] X 
2018-05-25 19:28:28,395 INFO  [Log] X 
2018-05-25 19:29:42,109 INFO  [Log] **************************************************************************************** 
2018-05-25 19:29:42,109 INFO  [Log] **************************************************************************************** 
2018-05-25 19:29:42,109 INFO  [Log] $$$$$$$$$$$$$$$$$$$$$                 Selenium_Test_001       $$$$$$$$$$$$$$$$$$$$$$$$$ 
2018-05-25 19:29:42,109 INFO  [Log] **************************************************************************************** 
2018-05-25 19:29:42,109 INFO  [Log] **************************************************************************************** 
2018-05-25 19:31:30,001 INFO  [Log] **************************************************************************************** 
2018-05-25 19:31:30,001 INFO  [Log] **************************************************************************************** 
2018-05-25 19:31:30,001 INFO  [Log] $$$$$$$$$$$$$$$$$$$$$                 Selenium_Test_001       $$$$$$$$$$$$$$$$$$$$$$$$$ 
2018-05-25 19:31:30,001 INFO  [Log] **************************************************************************************** 
2018-05-25 19:31:30,001 INFO  [Log] **************************************************************************************** 
2018-05-25 19:31:30,361 INFO  [Log]  Excel sheet opened 
2018-05-25 19:31:32,930 INFO  [Log] New driver instantiated 
2018-05-25 19:31:32,946 INFO  [Log] Implicit wait applied on the driver for 10 seconds 
2018-05-25 19:31:35,574 INFO  [Log] Web application launched 
2018-05-25 19:31:35,580 INFO  [Log] Username picked from Excel is testuser_1 
2018-05-25 19:31:35,580 INFO  [Log] Password picked from Excel is Test@123 
2018-05-25 19:31:35,591 INFO  [Log] My Account link element found 
2018-05-25 19:31:37,091 INFO  [Log] Click action performed on My Account link 
2018-05-25 19:31:37,097 INFO  [Log] Username text box found 
2018-05-25 19:31:37,119 INFO  [Log] Username entered in the Username text box 
2018-05-25 19:31:37,125 INFO  [Log] Password text box found 
2018-05-25 19:31:37,142 INFO  [Log] Password entered in the Password text box 
2018-05-25 19:31:37,147 INFO  [Log] Submit button found 
2018-05-25 19:31:37,372 INFO  [Log] Click action performed on Submit button 
2018-05-25 19:31:37,372 INFO  [Log] Click action is perfomred on Log Out link 
2018-05-25 19:31:38,110 INFO  [Log] Browser closed 
2018-05-25 19:31:38,235 INFO  [Log] XXXXXXXXXXXXXXXXXXXXXXX             -E---N---D-             XXXXXXXXXXXXXXXXXXXXXX 
2018-05-25 19:31:38,235 INFO  [Log] X 
2018-05-25 19:31:38,235 INFO  [Log] X 
2018-05-25 19:31:38,235 INFO  [Log] X 
2018-05-25 19:31:38,235 INFO  [Log] X 
2018-05-28 10:57:50,128 INFO  [Log] **************************************************************************************** 
2018-05-28 10:57:50,128 INFO  [Log] **************************************************************************************** 
2018-05-28 10:57:50,128 INFO  [Log] $$$$$$$$$$$$$$$$$$$$$                 Selenium_Test_001       $$$$$$$$$$$$$$$$$$$$$$$$$ 
2018-05-28 10:57:50,128 INFO  [Log] **************************************************************************************** 
2018-05-28 10:57:50,128 INFO  [Log] **************************************************************************************** 
2018-05-28 10:57:50,484 INFO  [Log]  Excel sheet opened 
2018-05-28 10:57:55,831 INFO  [Log] New driver instantiated 
2018-05-28 10:57:55,831 INFO  [Log] Implicit wait applied on the driver for 10 seconds 
2018-05-28 10:58:01,334 INFO  [Log] Web application launched 
2018-05-28 10:58:01,343 INFO  [Log] Username picked from Excel is testuser_1 
2018-05-28 10:58:01,343 INFO  [Log] Password picked from Excel is Test@123 
2018-05-28 10:58:01,355 INFO  [Log] My Account link element found 
2018-05-28 10:58:03,114 INFO  [Log] Click action performed on My Account link 
2018-05-28 10:58:03,129 INFO  [Log] Username text box found 
2018-05-28 10:58:03,145 INFO  [Log] Username entered in the Username text box 
2018-05-28 10:58:03,145 INFO  [Log] Password text box found 
2018-05-28 10:58:03,176 INFO  [Log] Password entered in the Password text box 
2018-05-28 10:58:03,176 INFO  [Log] Submit button found 
2018-05-28 10:58:03,410 INFO  [Log] Click action performed on Submit button 
2018-05-28 10:58:03,410 INFO  [Log] Click action is perfomred on Log Out link 
2018-05-28 10:58:04,188 INFO  [Log] Browser closed 
2018-05-28 10:58:04,329 INFO  [Log] XXXXXXXXXXXXXXXXXXXXXXX             -E---N---D-             XXXXXXXXXXXXXXXXXXXXXX 
2018-05-28 10:58:04,329 INFO  [Log] X 
2018-05-28 10:58:04,329 INFO  [Log] X 
2018-05-28 10:58:04,329 INFO  [Log] X 
2018-05-28 10:58:04,329 INFO  [Log] X 
